TN:
SF:app.ts
FNF:0
FNH:0
DA:1,1
DA:2,1
DA:3,1
DA:4,1
DA:5,1
DA:6,1
DA:7,1
DA:8,1
DA:9,1
DA:10,1
DA:11,1
DA:12,1
DA:13,1
DA:14,1
DA:15,1
DA:16,1
DA:17,1
DA:18,1
DA:19,1
DA:20,1
DA:21,1
DA:22,1
LF:22
LH:22
BRF:0
BRH:0
end_of_record
TN:
SF:config/db.ts
FN:3,connectDB
FNF:1
FNH:1
FNDA:1,connectDB
DA:1,1
DA:2,1
DA:3,1
DA:4,1
DA:5,1
DA:6,1
DA:7,1
DA:8,1
DA:9,1
DA:10,1
DA:11,1
DA:12,1
DA:13,1
DA:14,1
DA:15,1
DA:16,1
DA:17,1
DA:18,1
DA:19,1
DA:20,1
DA:21,1
DA:22,1
DA:23,1
LF:23
LH:23
BRDA:3,0,0,1
BRDA:3,1,0,1
BRF:2
BRH:2
end_of_record
TN:
SF:controllers/CarsController.ts
FN:6,CarsController
FN:7,Object.<anonymous>.CarsController.getCars
FN:21,Object.<anonymous>.CarsController.createCar
FN:44,Object.<anonymous>.CarsController.deleteCar
FN:67,Object.<anonymous>.CarsController.filterCars
FN:93,Object.<anonymous>.CarsController.updateCar
FNF:6
FNH:6
FNDA:1,CarsController
FNDA:1,Object.<anonymous>.CarsController.getCars
FNDA:1,Object.<anonymous>.CarsController.createCar
FNDA:1,Object.<anonymous>.CarsController.deleteCar
FNDA:2,Object.<anonymous>.CarsController.filterCars
FNDA:1,Object.<anonymous>.CarsController.updateCar
DA:1,1
DA:2,1
DA:3,1
DA:4,1
DA:5,1
DA:6,1
DA:7,1
DA:8,1
DA:9,1
DA:10,1
DA:11,1
DA:12,1
DA:13,1
DA:14,1
DA:15,1
DA:16,1
DA:17,1
DA:18,1
DA:19,1
DA:20,1
DA:21,1
DA:22,1
DA:23,1
DA:24,1
DA:25,1
DA:26,1
DA:27,0
DA:28,0
DA:29,0
DA:30,1
DA:31,1
DA:32,0
DA:33,0
DA:34,1
DA:35,1
DA:36,1
DA:37,1
DA:38,1
DA:39,1
DA:40,1
DA:41,1
DA:42,1
DA:43,1
DA:44,1
DA:45,1
DA:46,1
DA:47,1
DA:48,1
DA:49,1
DA:50,1
DA:51,1
DA:52,1
DA:53,1
DA:54,0
DA:55,0
DA:56,0
DA:57,1
DA:58,1
DA:59,1
DA:60,1
DA:61,1
DA:62,1
DA:63,1
DA:64,1
DA:65,1
DA:66,1
DA:67,1
DA:68,2
DA:69,2
DA:70,2
DA:71,2
DA:72,2
DA:73,2
DA:74,2
DA:75,2
DA:76,2
DA:77,2
DA:78,2
DA:79,2
DA:80,2
DA:81,2
DA:82,2
DA:83,2
DA:84,2
DA:85,2
DA:86,2
DA:87,2
DA:88,2
DA:89,2
DA:90,2
DA:91,2
DA:92,1
DA:93,1
DA:94,1
DA:95,1
DA:96,1
DA:97,1
DA:98,1
DA:99,1
DA:100,1
DA:101,0
DA:102,0
DA:103,0
DA:104,1
DA:105,1
DA:106,0
DA:107,0
DA:108,1
DA:109,1
DA:110,1
DA:111,1
DA:112,1
DA:113,1
DA:114,1
DA:115,1
DA:116,1
DA:117,1
DA:118,1
DA:119,1
DA:120,1
LF:120
LH:107
BRDA:6,0,0,1
BRDA:6,1,0,1
BRDA:7,2,0,1
BRDA:21,3,0,1
BRDA:26,4,0,0
BRDA:31,5,0,0
BRDA:44,6,0,1
BRDA:53,7,0,0
BRDA:67,8,0,2
BRDA:93,9,0,1
BRDA:100,10,0,0
BRDA:105,11,0,0
BRF:12
BRH:7
end_of_record
TN:
SF:controllers/DriversController.ts
FN:4,DriversController
FN:5,Object.<anonymous>.DriversController.getDrivers
FN:19,Object.<anonymous>.DriversController.createDriver
FN:34,Object.<anonymous>.DriversController.deleteDriver
FN:56,Object.<anonymous>.DriversController.filterDriver
FN:79,Object.<anonymous>.DriversController.updateDriver
FNF:6
FNH:5
FNDA:1,DriversController
FNDA:0,Object.<anonymous>.DriversController.getDrivers
FNDA:1,Object.<anonymous>.DriversController.createDriver
FNDA:1,Object.<anonymous>.DriversController.deleteDriver
FNDA:2,Object.<anonymous>.DriversController.filterDriver
FNDA:1,Object.<anonymous>.DriversController.updateDriver
DA:1,1
DA:2,1
DA:3,1
DA:4,1
DA:5,1
DA:6,0
DA:7,0
DA:8,0
DA:9,0
DA:10,0
DA:11,0
DA:12,0
DA:13,0
DA:14,0
DA:15,0
DA:16,0
DA:17,0
DA:18,1
DA:19,1
DA:20,1
DA:21,1
DA:22,1
DA:23,1
DA:24,1
DA:25,1
DA:26,1
DA:27,1
DA:28,1
DA:29,1
DA:30,1
DA:31,1
DA:32,1
DA:33,1
DA:34,1
DA:35,1
DA:36,1
DA:37,1
DA:38,1
DA:39,1
DA:40,0
DA:41,0
DA:42,1
DA:43,1
DA:44,1
DA:45,1
DA:46,1
DA:47,1
DA:48,1
DA:49,1
DA:50,1
DA:51,1
DA:52,1
DA:53,1
DA:54,1
DA:55,1
DA:56,1
DA:57,2
DA:58,2
DA:59,2
DA:60,2
DA:61,2
DA:62,2
DA:63,2
DA:64,2
DA:65,2
DA:66,2
DA:67,2
DA:68,2
DA:69,2
DA:70,2
DA:71,2
DA:72,2
DA:73,2
DA:74,2
DA:75,2
DA:76,2
DA:77,2
DA:78,1
DA:79,1
DA:80,1
DA:81,1
DA:82,1
DA:83,1
DA:84,1
DA:85,1
DA:86,1
DA:87,0
DA:88,0
DA:89,0
DA:90,1
DA:91,1
DA:92,1
DA:93,1
DA:94,1
DA:95,1
DA:96,1
DA:97,1
DA:98,1
DA:99,1
DA:100,1
DA:101,1
DA:102,1
DA:103,1
LF:103
LH:86
BRDA:4,0,0,1
BRDA:4,1,0,1
BRDA:19,2,0,1
BRDA:34,3,0,1
BRDA:39,4,0,0
BRDA:56,5,0,2
BRDA:79,6,0,1
BRDA:86,7,0,0
BRF:8
BRH:6
end_of_record
TN:
SF:controllers/UtilsController.ts
FN:6,UtilsController
FN:7,Object.<anonymous>.UtilsController.get
FN:27,Object.<anonymous>.UtilsController.createUtil
FN:66,Object.<anonymous>.UtilsController.finish
FNF:4
FNH:4
FNDA:1,UtilsController
FNDA:1,Object.<anonymous>.UtilsController.get
FNDA:1,Object.<anonymous>.UtilsController.createUtil
FNDA:1,Object.<anonymous>.UtilsController.finish
DA:1,1
DA:2,1
DA:3,1
DA:4,1
DA:5,1
DA:6,1
DA:7,1
DA:8,1
DA:9,1
DA:10,1
DA:11,1
DA:12,1
DA:13,1
DA:14,1
DA:15,1
DA:16,1
DA:17,1
DA:18,1
DA:19,1
DA:20,1
DA:21,1
DA:22,1
DA:23,1
DA:24,1
DA:25,1
DA:26,1
DA:27,1
DA:28,1
DA:29,1
DA:30,1
DA:31,1
DA:32,1
DA:33,1
DA:34,1
DA:35,1
DA:36,1
DA:37,1
DA:38,1
DA:39,1
DA:40,1
DA:41,1
DA:42,1
DA:43,0
DA:44,0
DA:45,0
DA:46,1
DA:47,1
DA:48,1
DA:49,1
DA:50,1
DA:51,0
DA:52,0
DA:53,0
DA:54,1
DA:55,1
DA:56,1
DA:57,1
DA:58,1
DA:59,1
DA:60,1
DA:61,1
DA:62,1
DA:63,1
DA:64,1
DA:65,1
DA:66,1
DA:67,1
DA:68,1
DA:69,1
DA:70,1
DA:71,1
DA:72,1
DA:73,1
DA:74,1
DA:75,0
DA:76,0
DA:77,1
DA:78,1
DA:79,1
DA:80,1
DA:81,1
DA:82,1
DA:83,1
DA:84,1
DA:85,1
DA:86,1
DA:87,1
DA:88,1
DA:89,1
DA:90,1
DA:91,1
DA:92,1
DA:93,1
DA:94,1
DA:95,1
LF:95
LH:87
BRDA:6,0,0,1
BRDA:6,1,0,1
BRDA:7,2,0,1
BRDA:27,3,0,1
BRDA:42,4,0,0
BRDA:42,5,0,0
BRDA:42,6,0,0
BRDA:51,7,0,0
BRDA:66,8,0,1
BRDA:72,9,0,0
BRDA:75,10,0,0
BRF:11
BRH:5
end_of_record
TN:
SF:models/CarsModel.ts
FNF:0
FNH:0
DA:1,1
DA:2,1
DA:3,1
DA:4,1
DA:5,1
DA:6,1
DA:7,1
DA:8,1
DA:9,1
DA:10,1
DA:11,1
DA:12,1
DA:13,1
DA:14,1
DA:15,1
DA:16,1
DA:17,1
DA:18,1
DA:19,1
DA:20,1
DA:21,1
DA:22,1
DA:23,1
DA:24,1
DA:25,1
DA:26,1
DA:27,1
DA:28,1
DA:29,1
DA:30,1
DA:31,1
DA:32,1
DA:33,1
DA:34,1
DA:35,1
DA:36,1
DA:37,1
DA:38,1
DA:39,1
DA:40,1
DA:41,1
DA:42,1
DA:43,1
DA:44,1
DA:45,1
LF:45
LH:45
BRF:0
BRH:0
end_of_record
TN:
SF:models/DriversModel.ts
FNF:0
FNH:0
DA:1,1
DA:2,1
DA:3,1
DA:4,1
DA:5,1
DA:6,1
DA:7,1
DA:8,1
DA:9,1
DA:10,1
DA:11,1
DA:12,1
DA:13,1
DA:14,1
DA:15,1
DA:16,1
DA:17,1
DA:18,1
DA:19,1
DA:20,1
DA:21,1
DA:22,1
DA:23,1
DA:24,1
DA:25,1
DA:26,1
DA:27,1
DA:28,1
DA:29,1
LF:29
LH:29
BRF:0
BRH:0
end_of_record
TN:
SF:models/UtilsModels.ts
FNF:0
FNH:0
DA:1,1
DA:2,1
DA:3,1
DA:4,1
DA:5,1
DA:6,1
DA:7,1
DA:8,1
DA:9,1
DA:10,1
DA:11,1
DA:12,1
DA:13,1
DA:14,1
DA:15,1
DA:16,1
DA:17,1
DA:18,1
DA:19,1
DA:20,1
DA:21,1
DA:22,1
DA:23,1
DA:24,1
DA:25,1
DA:26,1
DA:27,1
DA:28,1
DA:29,1
DA:30,1
DA:31,1
DA:32,1
DA:33,1
DA:34,1
DA:35,1
DA:36,1
DA:37,1
DA:38,1
DA:39,1
DA:40,1
DA:41,1
DA:42,1
DA:43,1
DA:44,1
DA:45,1
LF:45
LH:45
BRF:0
BRH:0
end_of_record
TN:
SF:routes/carsRoutes.ts
FNF:0
FNH:0
DA:1,1
DA:2,1
DA:3,1
DA:4,1
DA:5,1
DA:6,1
DA:7,1
DA:8,1
DA:9,1
DA:10,1
DA:11,1
DA:12,1
DA:13,1
DA:14,1
LF:14
LH:14
BRF:0
BRH:0
end_of_record
TN:
SF:routes/driversRoutes.ts
FNF:0
FNH:0
DA:1,1
DA:2,1
DA:3,1
DA:4,1
DA:5,1
DA:6,1
DA:7,1
DA:8,1
DA:9,1
DA:10,1
DA:11,1
DA:12,1
DA:13,1
LF:13
LH:13
BRF:0
BRH:0
end_of_record
TN:
SF:routes/utilsRoutes.ts
FNF:0
FNH:0
DA:1,1
DA:2,1
DA:3,1
DA:4,1
DA:5,1
DA:6,1
DA:7,1
DA:8,1
DA:9,1
DA:10,1
DA:11,1
LF:11
LH:11
BRF:0
BRH:0
end_of_record
TN:
SF:utils/MongoMock.ts
FN:3,MongoMock
FN:6,Object.<anonymous>.MongoMock.connect
FN:19,Object.<anonymous>.MongoMock.disconnect
FNF:3
FNH:3
FNDA:1,MongoMock
FNDA:1,Object.<anonymous>.MongoMock.connect
FNDA:1,Object.<anonymous>.MongoMock.disconnect
DA:1,1
DA:2,1
DA:3,1
DA:4,1
DA:5,1
DA:6,1
DA:7,1
DA:8,0
DA:9,0
DA:10,1
DA:11,1
DA:12,1
DA:13,1
DA:14,1
DA:15,1
DA:16,1
DA:17,1
DA:18,1
DA:19,1
DA:20,1
DA:21,1
DA:22,1
DA:23,1
DA:24,1
LF:24
LH:22
BRDA:3,0,0,1
BRDA:3,1,0,1
BRDA:6,2,0,1
BRDA:7,3,0,0
BRDA:19,4,0,1
BRF:5
BRH:4
end_of_record
TN:
SF:utils/dateFormat.ts
FN:3,subtractThreeHours
FNF:1
FNH:0
FNDA:0,subtractThreeHours
DA:1,1
DA:2,1
DA:3,1
DA:4,0
DA:5,0
LF:5
LH:3
BRF:0
BRH:0
end_of_record
TN:
SF:utils/plateValidation.ts
FN:1,plateValidation
FNF:1
FNH:1
FNDA:2,plateValidation
DA:1,1
DA:2,2
DA:3,2
LF:3
LH:3
BRDA:1,0,0,2
BRDA:2,1,0,0
BRF:2
BRH:1
end_of_record
